d:\wut-tools-old\curl\curl-7.59.0\build\win32\vc14\lib debug - lib openssl\lib\libcurl.pdb
d:\wut-tools-old\curl\curl-7.59.0\build\win32\vc14\lib debug - lib openssl\lib\libcurl.idb
d:\wut-tools-old\curl\curl-7.59.0\build\win32\vc14\lib debug - lib openssl\lib\krb5_gssapi.obj
d:\wut-tools-old\curl\curl-7.59.0\build\win32\vc14\lib debug - lib openssl\lib\krb5_sspi.obj
d:\wut-tools-old\curl\curl-7.59.0\build\win32\vc14\lib debug - lib openssl\lib\ntlm.obj
d:\wut-tools-old\curl\curl-7.59.0\build\win32\vc14\lib debug - lib openssl\lib\ntlm_sspi.obj
d:\wut-tools-old\curl\curl-7.59.0\build\win32\vc14\lib debug - lib openssl\lib\oauth2.obj
d:\wut-tools-old\curl\curl-7.59.0\build\win32\vc14\lib debug - lib openssl\lib\spnego_gssapi.obj
d:\wut-tools-old\curl\curl-7.59.0\build\win32\vc14\lib debug - lib openssl\lib\spnego_sspi.obj
d:\wut-tools-old\curl\curl-7.59.0\build\win32\vc14\lib debug - lib openssl\lib\vauth.obj
d:\wut-tools-old\curl\curl-7.59.0\build\win32\vc14\lib debug - lib openssl\lib\axtls.obj
d:\wut-tools-old\curl\curl-7.59.0\build\win32\vc14\lib debug - lib openssl\lib\cyassl.obj
d:\wut-tools-old\curl\curl-7.59.0\build\win32\vc14\lib debug - lib openssl\lib\darwinssl.obj
d:\wut-tools-old\curl\curl-7.59.0\build\win32\vc14\lib debug - lib openssl\lib\gskit.obj
d:\wut-tools-old\curl\curl-7.59.0\build\win32\vc14\lib debug - lib openssl\lib\gtls.obj
d:\wut-tools-old\curl\curl-7.59.0\build\win32\vc14\lib debug - lib openssl\lib\mbedtls.obj
d:\wut-tools-old\curl\curl-7.59.0\build\win32\vc14\lib debug - lib openssl\lib\nss.obj
d:\wut-tools-old\curl\curl-7.59.0\build\win32\vc14\lib debug - lib openssl\lib\openssl.obj
d:\wut-tools-old\curl\curl-7.59.0\build\win32\vc14\lib debug - lib openssl\lib\polarssl.obj
d:\wut-tools-old\curl\curl-7.59.0\build\win32\vc14\lib debug - lib openssl\lib\polarssl_threadlock.obj
d:\wut-tools-old\curl\curl-7.59.0\build\win32\vc14\lib debug - lib openssl\lib\schannel.obj
d:\wut-tools-old\curl\curl-7.59.0\build\win32\vc14\lib debug - lib openssl\lib\vtls.obj
d:\wut-tools-old\curl\curl-7.59.0\build\win32\vc14\lib debug - lib openssl\lib\ssh-libssh.obj
d:\wut-tools-old\curl\curl-7.59.0\build\win32\vc14\lib debug - lib openssl\lib\strcase.obj
d:\wut-tools-old\curl\curl-7.59.0\build\win32\vc14\lib debug - lib openssl\lib\strdup.obj
d:\wut-tools-old\curl\curl-7.59.0\build\win32\vc14\lib debug - lib openssl\lib\strerror.obj
d:\wut-tools-old\curl\curl-7.59.0\build\win32\vc14\lib debug - lib openssl\lib\strtok.obj
d:\wut-tools-old\curl\curl-7.59.0\build\win32\vc14\lib debug - lib openssl\lib\strtoofft.obj
d:\wut-tools-old\curl\curl-7.59.0\build\win32\vc14\lib debug - lib openssl\lib\system_win32.obj
d:\wut-tools-old\curl\curl-7.59.0\build\win32\vc14\lib debug - lib openssl\lib\telnet.obj
d:\wut-tools-old\curl\curl-7.59.0\build\win32\vc14\lib debug - lib openssl\lib\tftp.obj
d:\wut-tools-old\curl\curl-7.59.0\build\win32\vc14\lib debug - lib openssl\lib\timeval.obj
d:\wut-tools-old\curl\curl-7.59.0\build\win32\vc14\lib debug - lib openssl\lib\transfer.obj
d:\wut-tools-old\curl\curl-7.59.0\build\win32\vc14\lib debug - lib openssl\lib\url.obj
d:\wut-tools-old\curl\curl-7.59.0\build\win32\vc14\lib debug - lib openssl\lib\version.obj
d:\wut-tools-old\curl\curl-7.59.0\build\win32\vc14\lib debug - lib openssl\lib\warnless.obj
d:\wut-tools-old\curl\curl-7.59.0\build\win32\vc14\lib debug - lib openssl\lib\wildcard.obj
d:\wut-tools-old\curl\curl-7.59.0\build\win32\vc14\lib debug - lib openssl\lib\x509asn1.obj
d:\wut-tools-old\curl\curl-7.59.0\build\win32\vc14\lib debug - lib openssl\lib\cleartext.obj
d:\wut-tools-old\curl\curl-7.59.0\build\win32\vc14\lib debug - lib openssl\lib\cram.obj
d:\wut-tools-old\curl\curl-7.59.0\build\win32\vc14\lib debug - lib openssl\lib\digest.obj
d:\wut-tools-old\curl\curl-7.59.0\build\win32\vc14\lib debug - lib openssl\lib\digest_sspi.obj
d:\wut-tools-old\curl\curl-7.59.0\build\win32\vc14\lib debug - lib openssl\lib\pipeline.obj
d:\wut-tools-old\curl\curl-7.59.0\build\win32\vc14\lib debug - lib openssl\lib\pop3.obj
d:\wut-tools-old\curl\curl-7.59.0\build\win32\vc14\lib debug - lib openssl\lib\progress.obj
d:\wut-tools-old\curl\curl-7.59.0\build\win32\vc14\lib debug - lib openssl\lib\rand.obj
d:\wut-tools-old\curl\curl-7.59.0\build\win32\vc14\lib debug - lib openssl\lib\rtsp.obj
d:\wut-tools-old\curl\curl-7.59.0\build\win32\vc14\lib debug - lib openssl\lib\security.obj
d:\wut-tools-old\curl\curl-7.59.0\build\win32\vc14\lib debug - lib openssl\lib\select.obj
d:\wut-tools-old\curl\curl-7.59.0\build\win32\vc14\lib debug - lib openssl\lib\sendf.obj
d:\wut-tools-old\curl\curl-7.59.0\build\win32\vc14\lib debug - lib openssl\lib\setopt.obj
d:\wut-tools-old\curl\curl-7.59.0\build\win32\vc14\lib debug - lib openssl\lib\sha256.obj
d:\wut-tools-old\curl\curl-7.59.0\build\win32\vc14\lib debug - lib openssl\lib\share.obj
d:\wut-tools-old\curl\curl-7.59.0\build\win32\vc14\lib debug - lib openssl\lib\slist.obj
d:\wut-tools-old\curl\curl-7.59.0\build\win32\vc14\lib debug - lib openssl\lib\smb.obj
d:\wut-tools-old\curl\curl-7.59.0\build\win32\vc14\lib debug - lib openssl\lib\smtp.obj
d:\wut-tools-old\curl\curl-7.59.0\build\win32\vc14\lib debug - lib openssl\lib\socks.obj
d:\wut-tools-old\curl\curl-7.59.0\build\win32\vc14\lib debug - lib openssl\lib\socks_gssapi.obj
d:\wut-tools-old\curl\curl-7.59.0\build\win32\vc14\lib debug - lib openssl\lib\socks_sspi.obj
d:\wut-tools-old\curl\curl-7.59.0\build\win32\vc14\lib debug - lib openssl\lib\speedcheck.obj
d:\wut-tools-old\curl\curl-7.59.0\build\win32\vc14\lib debug - lib openssl\lib\splay.obj
d:\wut-tools-old\curl\curl-7.59.0\build\win32\vc14\lib debug - lib openssl\lib\ssh.obj
d:\wut-tools-old\curl\curl-7.59.0\build\win32\vc14\lib debug - lib openssl\lib\idn_win32.obj
d:\wut-tools-old\curl\curl-7.59.0\build\win32\vc14\lib debug - lib openssl\lib\if2ip.obj
d:\wut-tools-old\curl\curl-7.59.0\build\win32\vc14\lib debug - lib openssl\lib\imap.obj
d:\wut-tools-old\curl\curl-7.59.0\build\win32\vc14\lib debug - lib openssl\lib\inet_ntop.obj
d:\wut-tools-old\curl\curl-7.59.0\build\win32\vc14\lib debug - lib openssl\lib\inet_pton.obj
d:\wut-tools-old\curl\curl-7.59.0\build\win32\vc14\lib debug - lib openssl\lib\krb5.obj
d:\wut-tools-old\curl\curl-7.59.0\build\win32\vc14\lib debug - lib openssl\lib\ldap.obj
d:\wut-tools-old\curl\curl-7.59.0\build\win32\vc14\lib debug - lib openssl\lib\llist.obj
d:\wut-tools-old\curl\curl-7.59.0\build\win32\vc14\lib debug - lib openssl\lib\md4.obj
d:\wut-tools-old\curl\curl-7.59.0\build\win32\vc14\lib debug - lib openssl\lib\md5.obj
d:\wut-tools-old\curl\curl-7.59.0\build\win32\vc14\lib debug - lib openssl\lib\memdebug.obj
d:\wut-tools-old\curl\curl-7.59.0\build\win32\vc14\lib debug - lib openssl\lib\mime.obj
d:\wut-tools-old\curl\curl-7.59.0\build\win32\vc14\lib debug - lib openssl\lib\mprintf.obj
d:\wut-tools-old\curl\curl-7.59.0\build\win32\vc14\lib debug - lib openssl\lib\multi.obj
d:\wut-tools-old\curl\curl-7.59.0\build\win32\vc14\lib debug - lib openssl\lib\netrc.obj
d:\wut-tools-old\curl\curl-7.59.0\build\win32\vc14\lib debug - lib openssl\lib\non-ascii.obj
d:\wut-tools-old\curl\curl-7.59.0\build\win32\vc14\lib debug - lib openssl\lib\nonblock.obj
d:\wut-tools-old\curl\curl-7.59.0\build\win32\vc14\lib debug - lib openssl\lib\openldap.obj
d:\wut-tools-old\curl\curl-7.59.0\build\win32\vc14\lib debug - lib openssl\lib\parsedate.obj
d:\wut-tools-old\curl\curl-7.59.0\build\win32\vc14\lib debug - lib openssl\lib\pingpong.obj
d:\wut-tools-old\curl\curl-7.59.0\build\win32\vc14\lib debug - lib openssl\lib\ftp.obj
d:\wut-tools-old\curl\curl-7.59.0\build\win32\vc14\lib debug - lib openssl\lib\ftplistparser.obj
d:\wut-tools-old\curl\curl-7.59.0\build\win32\vc14\lib debug - lib openssl\lib\getenv.obj
d:\wut-tools-old\curl\curl-7.59.0\build\win32\vc14\lib debug - lib openssl\lib\getinfo.obj
d:\wut-tools-old\curl\curl-7.59.0\build\win32\vc14\lib debug - lib openssl\lib\gopher.obj
d:\wut-tools-old\curl\curl-7.59.0\build\win32\vc14\lib debug - lib openssl\lib\hash.obj
d:\wut-tools-old\curl\curl-7.59.0\build\win32\vc14\lib debug - lib openssl\lib\hmac.obj
d:\wut-tools-old\curl\curl-7.59.0\build\win32\vc14\lib debug - lib openssl\lib\hostasyn.obj
d:\wut-tools-old\curl\curl-7.59.0\build\win32\vc14\lib debug - lib openssl\lib\hostcheck.obj
d:\wut-tools-old\curl\curl-7.59.0\build\win32\vc14\lib debug - lib openssl\lib\hostip4.obj
d:\wut-tools-old\curl\curl-7.59.0\build\win32\vc14\lib debug - lib openssl\lib\hostip6.obj
d:\wut-tools-old\curl\curl-7.59.0\build\win32\vc14\lib debug - lib openssl\lib\hostip.obj
d:\wut-tools-old\curl\curl-7.59.0\build\win32\vc14\lib debug - lib openssl\lib\hostsyn.obj
d:\wut-tools-old\curl\curl-7.59.0\build\win32\vc14\lib debug - lib openssl\lib\http2.obj
d:\wut-tools-old\curl\curl-7.59.0\build\win32\vc14\lib debug - lib openssl\lib\http.obj
d:\wut-tools-old\curl\curl-7.59.0\build\win32\vc14\lib debug - lib openssl\lib\http_chunks.obj
d:\wut-tools-old\curl\curl-7.59.0\build\win32\vc14\lib debug - lib openssl\lib\http_digest.obj
d:\wut-tools-old\curl\curl-7.59.0\build\win32\vc14\lib debug - lib openssl\lib\http_negotiate.obj
d:\wut-tools-old\curl\curl-7.59.0\build\win32\vc14\lib debug - lib openssl\lib\http_ntlm.obj
d:\wut-tools-old\curl\curl-7.59.0\build\win32\vc14\lib debug - lib openssl\lib\http_proxy.obj
d:\wut-tools-old\curl\curl-7.59.0\build\win32\vc14\lib debug - lib openssl\lib\curl_fnmatch.obj
d:\wut-tools-old\curl\curl-7.59.0\build\win32\vc14\lib debug - lib openssl\lib\curl_gethostname.obj
d:\wut-tools-old\curl\curl-7.59.0\build\win32\vc14\lib debug - lib openssl\lib\curl_gssapi.obj
d:\wut-tools-old\curl\curl-7.59.0\build\win32\vc14\lib debug - lib openssl\lib\curl_memrchr.obj
d:\wut-tools-old\curl\curl-7.59.0\build\win32\vc14\lib debug - lib openssl\lib\curl_multibyte.obj
d:\wut-tools-old\curl\curl-7.59.0\build\win32\vc14\lib debug - lib openssl\lib\curl_ntlm_core.obj
d:\wut-tools-old\curl\curl-7.59.0\build\win32\vc14\lib debug - lib openssl\lib\curl_ntlm_wb.obj
d:\wut-tools-old\curl\curl-7.59.0\build\win32\vc14\lib debug - lib openssl\lib\curl_path.obj
d:\wut-tools-old\curl\curl-7.59.0\build\win32\vc14\lib debug - lib openssl\lib\curl_range.obj
d:\wut-tools-old\curl\curl-7.59.0\build\win32\vc14\lib debug - lib openssl\lib\curl_rtmp.obj
d:\wut-tools-old\curl\curl-7.59.0\build\win32\vc14\lib debug - lib openssl\lib\curl_sasl.obj
d:\wut-tools-old\curl\curl-7.59.0\build\win32\vc14\lib debug - lib openssl\lib\curl_sspi.obj
d:\wut-tools-old\curl\curl-7.59.0\build\win32\vc14\lib debug - lib openssl\lib\curl_threads.obj
d:\wut-tools-old\curl\curl-7.59.0\build\win32\vc14\lib debug - lib openssl\lib\dict.obj
d:\wut-tools-old\curl\curl-7.59.0\build\win32\vc14\lib debug - lib openssl\lib\dotdot.obj
d:\wut-tools-old\curl\curl-7.59.0\build\win32\vc14\lib debug - lib openssl\lib\easy.obj
d:\wut-tools-old\curl\curl-7.59.0\build\win32\vc14\lib debug - lib openssl\lib\escape.obj
d:\wut-tools-old\curl\curl-7.59.0\build\win32\vc14\lib debug - lib openssl\lib\file.obj
d:\wut-tools-old\curl\curl-7.59.0\build\win32\vc14\lib debug - lib openssl\lib\fileinfo.obj
d:\wut-tools-old\curl\curl-7.59.0\build\win32\vc14\lib debug - lib openssl\lib\formdata.obj
d:\wut-tools-old\curl\curl-7.59.0\build\win32\vc14\lib debug - lib openssl\lib\amigaos.obj
d:\wut-tools-old\curl\curl-7.59.0\build\win32\vc14\lib debug - lib openssl\lib\asyn-ares.obj
d:\wut-tools-old\curl\curl-7.59.0\build\win32\vc14\lib debug - lib openssl\lib\asyn-thread.obj
d:\wut-tools-old\curl\curl-7.59.0\build\win32\vc14\lib debug - lib openssl\lib\base64.obj
d:\wut-tools-old\curl\curl-7.59.0\build\win32\vc14\lib debug - lib openssl\lib\conncache.obj
d:\wut-tools-old\curl\curl-7.59.0\build\win32\vc14\lib debug - lib openssl\lib\connect.obj
d:\wut-tools-old\curl\curl-7.59.0\build\win32\vc14\lib debug - lib openssl\lib\content_encoding.obj
d:\wut-tools-old\curl\curl-7.59.0\build\win32\vc14\lib debug - lib openssl\lib\cookie.obj
d:\wut-tools-old\curl\curl-7.59.0\build\win32\vc14\lib debug - lib openssl\lib\curl_addrinfo.obj
d:\wut-tools-old\curl\curl-7.59.0\build\win32\vc14\lib debug - lib openssl\lib\curl_ctype.obj
d:\wut-tools-old\curl\curl-7.59.0\build\win32\vc14\lib debug - lib openssl\lib\curl_des.obj
d:\wut-tools-old\curl\curl-7.59.0\build\win32\vc14\lib debug - lib openssl\lib\curl_endian.obj
d:\wut-tools-old\curl\curl-7.59.0\build\win32\vc14\lib debug - lib openssl\libcurld.lib
d:\wut-tools-old\curl\curl-7.59.0\build\win32\vc14\lib debug - lib openssl\lib\libcurl.res
d:\wut-tools-old\curl\curl-7.59.0\projects\windows\vc14\lib\..\..\..\..\build\win32\vc14\lib debug - lib openssl\libcurld.lib
d:\wut-tools-old\curl\curl-7.59.0\build\win32\vc14\lib debug - lib openssl\lib\libcurl.tlog\cl.command.1.tlog
d:\wut-tools-old\curl\curl-7.59.0\build\win32\vc14\lib debug - lib openssl\lib\libcurl.tlog\cl.read.1.tlog
d:\wut-tools-old\curl\curl-7.59.0\build\win32\vc14\lib debug - lib openssl\lib\libcurl.tlog\cl.write.1.tlog
d:\wut-tools-old\curl\curl-7.59.0\build\win32\vc14\lib debug - lib openssl\lib\libcurl.tlog\lib-link-cvtres.read.1.tlog
d:\wut-tools-old\curl\curl-7.59.0\build\win32\vc14\lib debug - lib openssl\lib\libcurl.tlog\lib-link-cvtres.write.1.tlog
d:\wut-tools-old\curl\curl-7.59.0\build\win32\vc14\lib debug - lib openssl\lib\libcurl.tlog\lib.command.1.tlog
d:\wut-tools-old\curl\curl-7.59.0\build\win32\vc14\lib debug - lib openssl\lib\libcurl.tlog\rc.command.1.tlog
d:\wut-tools-old\curl\curl-7.59.0\build\win32\vc14\lib debug - lib openssl\lib\libcurl.tlog\rc.read.1.tlog
d:\wut-tools-old\curl\curl-7.59.0\build\win32\vc14\lib debug - lib openssl\lib\libcurl.tlog\rc.write.1.tlog
