  tool_xattr.c
  tool_writeout.c
  tool_vms.c
  tool_util.c
  tool_urlglob.c
  tool_strdup.c
  tool_sleep.c
  tool_setopt.c
  tool_parsecfg.c
  tool_paramhlp.c
  tool_panykey.c
  tool_operhlp.c
  tool_operate.c
  tool_msgs.c
  tool_metalink.c
  tool_main.c
  tool_libinfo.c
  tool_hugehelp.c
  tool_homedir.c
  tool_helpers.c
  正在生成代码...
  正在编译...
  tool_help.c
  tool_getpass.c
  tool_getparam.c
  tool_formparse.c
  tool_filetime.c
  tool_easysrc.c
  tool_doswin.c
  tool_dirhie.c
  tool_convert.c
  tool_cfgable.c
  tool_cb_wrt.c
  tool_cb_see.c
  tool_cb_rea.c
  tool_cb_prg.c
  tool_cb_hdr.c
  tool_cb_dbg.c
  tool_bname.c
  tool_binmode.c
  slist_wc.c
  warnless.c
  正在生成代码...
  正在编译...
  strtoofft.c
  nonblock.c
  curl_ctype.c
  正在生成代码...
LINK : warning LNK4098: 默认库“LIBCMTD”与其他库的使用冲突；请使用 /NODEFAULTLIB:library
  curl.vcxproj -> D:\WUT-Tools-old\curl\curl-7.59.0\projects\Windows\VC14\src\..\..\..\..\build\Win32\VC14\LIB Debug - LIB OpenSSL\curld.exe
  curl.vcxproj -> D:\WUT-Tools-old\curl\curl-7.59.0\build\Win32\VC14\LIB Debug - LIB OpenSSL\curld.pdb (Full PDB)
